platforms/android/build/outputs/apk/manifest-merger-release-report.txt
-- Merging decision tree log ---
manifest
ADDED from AndroidManifest.xml:2:1
	package
		ADDED from AndroidManifest.xml:2:98
	android:versionName
		ADDED from AndroidManifest.xml:2:70
	android:hardwareAccelerated
		ADDED from AndroidManifest.xml:2:11
	android:versionCode
		ADDED from AndroidManifest.xml:2:46
		INJECTED from AndroidManifest.xml:0:0
		INJECTED from AndroidManifest.xml:0:0
	xmlns:android
		ADDED from AndroidManifest.xml:2:138
supports-screens
ADDED from AndroidManifest.xml:3:5
	android:largeScreens
		ADDED from AndroidManifest.xml:3:49
	android:smallScreens
		ADDED from AndroidManifest.xml:3:132
	android:normalScreens
		ADDED from AndroidManifest.xml:3:77
	android:xlargeScreens
		ADDED from AndroidManifest.xml:3:160
	android:resizeable
		ADDED from AndroidManifest.xml:3:106
	android:anyDensity
		ADDED from AndroidManifest.xml:3:23
uses-permission#android.permission.INTERNET
ADDED from AndroidManifest.xml:4:5
	android:name
		ADDED from AndroidManifest.xml:4:22
uses-permission#android.permission.ACCESS_NETWORK_STATE
ADDED from AndroidManifest.xml:5:5
	android:name
		ADDED from AndroidManifest.xml:5:22
uses-permission#android.permission.ACCESS_WIFI_STATE
ADDED from AndroidManifest.xml:6:5
	android:name
		ADDED from AndroidManifest.xml:6:22
application
ADDED from AndroidManifest.xml:7:5
	android:label
		ADDED from AndroidManifest.xml:7:83
	android:supportsRtl
		ADDED from AndroidManifest.xml:7:116
	android:hardwareAccelerated
		ADDED from AndroidManifest.xml:7:18
	android:icon
		ADDED from AndroidManifest.xml:7:53
activity#com.ionicframework.todo341466.MainActivity
ADDED from AndroidManifest.xml:8:9
	android:label
		ADDED from AndroidManifest.xml:8:97
	android:launchMode
		ADDED from AndroidManifest.xml:8:135
	android:windowSoftInputMode
		ADDED from AndroidManifest.xml:8:248
	android:configChanges
		ADDED from AndroidManifest.xml:8:19
	android:theme
		ADDED from AndroidManifest.xml:8:194
	android:name
		ADDED from AndroidManifest.xml:8:166
intent-filter#android.intent.action.MAIN+android.intent.category.LAUNCHER
ADDED from AndroidManifest.xml:9:13
	android:label
		ADDED from AndroidManifest.xml:9:28
action#android.intent.action.MAIN
ADDED from AndroidManifest.xml:10:17
	android:name
		ADDED from AndroidManifest.xml:10:25
category#android.intent.category.LAUNCHER
ADDED from AndroidManifest.xml:11:17
	android:name
		ADDED from AndroidManifest.xml:11:27
activity#com.orleonsoft.android.simplefilechooser.ui.FileChooserActivity
ADDED from AndroidManifest.xml:14:9
	android:screenOrientation
		ADDED from AndroidManifest.xml:14:155
	android:label
		ADDED from AndroidManifest.xml:14:43
	android:exported
		ADDED from AndroidManifest.xml:14:19
	android:name
		ADDED from AndroidManifest.xml:14:76
provider#org.jshybugger.DebugContentProvider
ADDED from AndroidManifest.xml:15:9
	android:authorities
		ADDED from AndroidManifest.xml:15:19
	android:enabled
		ADDED from AndroidManifest.xml:15:82
	android:exported
		ADDED from AndroidManifest.xml:15:105
	android:name
		ADDED from AndroidManifest.xml:15:130
meta-data#debugPort
ADDED from AndroidManifest.xml:16:13
	android:value
		ADDED from AndroidManifest.xml:16:49
	android:name
		ADDED from AndroidManifest.xml:16:24
meta-data#releaseBuildDebugging
ADDED from AndroidManifest.xml:17:13
	android:value
		ADDED from AndroidManifest.xml:17:61
	android:name
		ADDED from AndroidManifest.xml:17:24
meta-data#excludeFiles
ADDED from AndroidManifest.xml:18:13
	android:value
		ADDED from AndroidManifest.xml:18:52
	android:name
		ADDED from AndroidManifest.xml:18:24
meta-data#excludeHosts
ADDED from AndroidManifest.xml:19:13
	android:value
		ADDED from AndroidManifest.xml:19:52
	android:name
		ADDED from AndroidManifest.xml:19:24
meta-data#mimeTypesHtml
ADDED from AndroidManifest.xml:20:13
	android:value
		ADDED from AndroidManifest.xml:20:53
	android:name
		ADDED from AndroidManifest.xml:20:24
meta-data#mimeTypesJavascript
ADDED from AndroidManifest.xml:21:13
	android:value
		ADDED from AndroidManifest.xml:21:59
	android:name
		ADDED from AndroidManifest.xml:21:24
meta-data#proxyEnabled
ADDED from AndroidManifest.xml:22:13
	android:value
		ADDED from AndroidManifest.xml:22:52
	android:name
		ADDED from AndroidManifest.xml:22:24
meta-data#proxyPort
ADDED from AndroidManifest.xml:23:13
	android:value
		ADDED from AndroidManifest.xml:23:49
	android:name
		ADDED from AndroidManifest.xml:23:24
meta-data#upstreamProxyEnabled
ADDED from AndroidManifest.xml:24:13
	android:value
		ADDED from AndroidManifest.xml:24:60
	android:name
		ADDED from AndroidManifest.xml:24:24
meta-data#upstreamProxyHost
ADDED from AndroidManifest.xml:25:13
	android:value
		ADDED from AndroidManifest.xml:25:57
	android:name
		ADDED from AndroidManifest.xml:25:24
meta-data#upstreamProxyPort
ADDED from AndroidManifest.xml:26:13
	android:value
		ADDED from AndroidManifest.xml:26:57
	android:name
		ADDED from AndroidManifest.xml:26:24
uses-sdk
ADDED from AndroidManifest.xml:29:5
MERGED from android:CordovaLib:unspecified:release:25:5
	android:targetSdkVersion
		ADDED from AndroidManifest.xml:29:42
	android:minSdkVersion
		ADDED from AndroidManifest.xml:29:15
uses-permission#android.permission.WRITE_EXTERNAL_STORAGE
ADDED from AndroidManifest.xml:30:5
	android:name
		ADDED from AndroidManifest.xml:30:22
uses-permission#android.permission.READ_EXTERNAL_STORAGE
ADDED from AndroidManifest.xml:31:5
	android:name
		ADDED from AndroidManifest.xml:31:22